<?xml version="1.0" encoding="UTF-8"?>
<!-- Generated by org.testng.reporters.JUnitXMLReporter -->
<testsuite hostname="DESKTOP-T3EO6I8" ignored="1" name="Hub Spot Functional Regression Test" tests="3" failures="0" timestamp="21 Feb 2020 17:05:19 GMT" time="51.025" errors="0">
  <testcase name="verifyLoginPageTitleTest" time="7.146" classname="com.qa.hubspot.tests.LoginPageTest"/>
  <testcase name="verifySignUpLinkTest" time="2.694" classname="com.qa.hubspot.tests.LoginPageTest"/>
  <testcase name="loginTest" time="14.663" classname="com.qa.hubspot.tests.LoginPageTest"/>
  <testcase name="login_InvalidTestCases" time="0.0" classname="com.qa.hubspot.tests.LoginPageTest">
    <ignored/>
  </testcase> <!-- login_InvalidTestCases -->
</testsuite> <!-- Hub Spot Functional Regression Test -->
