<?xml version="1.0" encoding="UTF-8"?>
<!-- Generated by org.testng.reporters.JUnitXMLReporter -->
<testsuite hostname="DESKTOP-T3EO6I8" ignored="1" name="Hub Spot Functional RegressionTest" tests="3" failures="0" timestamp="11 Feb 2020 15:57:27 GMT" time="34.478" errors="0">
  <testcase name="verifyLoginPageTitleTest" time="5.167" classname="com.qa.hubspot.tests.LoginPageTest"/>
  <testcase name="verifySignUpLinkTest" time="1.853" classname="com.qa.hubspot.tests.LoginPageTest"/>
  <testcase name="loginTest" time="12.506" classname="com.qa.hubspot.tests.LoginPageTest"/>
  <testcase name="login_InvalidTestCases" time="0.0" classname="com.qa.hubspot.tests.LoginPageTest">
    <ignored/>
  </testcase> <!-- login_InvalidTestCases -->
</testsuite> <!-- Hub Spot Functional RegressionTest -->
