<?xml version="1.0" encoding="UTF-8"?>
<!-- Generated by org.testng.reporters.JUnitXMLReporter -->
<testsuite hostname="DESKTOP-T3EO6I8" ignored="1" name="Hub Spot Functional Regression Test" tests="3" failures="0" timestamp="19 Feb 2020 16:07:11 GMT" time="36.735" errors="0">
  <testcase name="verifyLoginPageTitleTest" time="7.432" classname="com.qa.hubspot.tests.LoginPageTest"/>
  <testcase name="verifySignUpLinkTest" time="1.428" classname="com.qa.hubspot.tests.LoginPageTest"/>
  <testcase name="loginTest" time="11.903" classname="com.qa.hubspot.tests.LoginPageTest"/>
  <testcase name="login_InvalidTestCases" time="0.0" classname="com.qa.hubspot.tests.LoginPageTest">
    <ignored/>
  </testcase> <!-- login_InvalidTestCases -->
</testsuite> <!-- Hub Spot Functional Regression Test -->
