<?xml version="1.0" encoding="UTF-8"?>
<!-- Generated by org.testng.reporters.JUnitXMLReporter -->
<testsuite hostname="DESKTOP-T3EO6I8" ignored="1" name="Hub Spot Functional Regression Test - FF" tests="6" failures="0" timestamp="15 Feb 2020 05:47:08 GMT" time="137.113" errors="0">
  <testcase name="verifyHomePageTitleTest" time="7.07" classname="com.qa.hubspot.tests.HomePageTest"/>
  <testcase name="verifyLoginPageTitleTest" time="11.72" classname="com.qa.hubspot.tests.LoginPageTest"/>
  <testcase name="verifySignUpLinkTest" time="1.773" classname="com.qa.hubspot.tests.LoginPageTest"/>
  <testcase name="verifyHomePageHeaderTest" time="6.18" classname="com.qa.hubspot.tests.HomePageTest"/>
  <testcase name="verifyLoggedInUserTest" time="1.444" classname="com.qa.hubspot.tests.HomePageTest"/>
  <testcase name="loginTest" time="61.969" classname="com.qa.hubspot.tests.LoginPageTest"/>
  <testcase name="login_InvalidTestCases" time="0.0" classname="com.qa.hubspot.tests.LoginPageTest">
    <ignored/>
  </testcase> <!-- login_InvalidTestCases -->
</testsuite> <!-- Hub Spot Functional Regression Test - FF -->
