<?xml version="1.0" encoding="UTF-8"?>
<testng-results skipped="0" failed="0" ignored="1" total="4" passed="3">
  <reporter-output>
  </reporter-output>
  <suite name="Hub Spot Regression Suite" duration-ms="51025" started-at="2020-02-21T17:04:28Z" finished-at="2020-02-21T17:05:19Z">
    <groups>
      <group name="sanity">
        <method signature="LoginPageTest.verifySignUpLinkTest()[pri:2, instance:com.qa.hubspot.tests.LoginPageTest@682c1e93]" name="verifySignUpLinkTest" class="com.qa.hubspot.tests.LoginPageTest"/>
      </group> <!-- sanity -->
    </groups>
    <test name="Hub Spot Functional Regression Test" duration-ms="51025" started-at="2020-02-21T17:04:28Z" finished-at="2020-02-21T17:05:19Z">
      <class name="com.qa.hubspot.tests.LoginPageTest">
        <test-method status="PASS" signature="setUp(java.lang.String)[pri:0, instance:com.qa.hubspot.tests.LoginPageTest@682c1e93]" name="setUp" is-config="true" duration-ms="22711" started-at="2020-02-21T17:04:30Z" finished-at="2020-02-21T17:04:53Z">
          <params>
            <param index="0">
              <value>
                <![CDATA[chrome]]>
              </value>
            </param>
          </params>
          <reporter-output>
          </reporter-output>
        </test-method> <!-- setUp -->
        <test-method status="PASS" signature="verifyLoginPageTitleTest()[pri:1, instance:com.qa.hubspot.tests.LoginPageTest@682c1e93]" name="verifyLoginPageTitleTest" duration-ms="7146" started-at="2020-02-21T17:04:53Z" description="verify login page title test ....!!!" finished-at="2020-02-21T17:05:00Z">
          <reporter-output>
          </reporter-output>
        </test-method> <!-- verifyLoginPageTitleTest -->
        <test-method status="PASS" signature="verifySignUpLinkTest()[pri:2, instance:com.qa.hubspot.tests.LoginPageTest@682c1e93]" name="verifySignUpLinkTest" duration-ms="2694" started-at="2020-02-21T17:05:00Z" finished-at="2020-02-21T17:05:03Z">
          <reporter-output>
          </reporter-output>
        </test-method> <!-- verifySignUpLinkTest -->
        <test-method status="PASS" signature="loginTest()[pri:3, instance:com.qa.hubspot.tests.LoginPageTest@682c1e93]" name="loginTest" duration-ms="14663" started-at="2020-02-21T17:05:03Z" finished-at="2020-02-21T17:05:18Z">
          <reporter-output>
          </reporter-output>
        </test-method> <!-- loginTest -->
        <test-method status="PASS" signature="tearDown()[pri:0, instance:com.qa.hubspot.tests.LoginPageTest@682c1e93]" name="tearDown" is-config="true" duration-ms="1062" started-at="2020-02-21T17:05:18Z" finished-at="2020-02-21T17:05:19Z">
          <reporter-output>
          </reporter-output>
        </test-method> <!-- tearDown -->
      </class> <!-- com.qa.hubspot.tests.LoginPageTest -->
    </test> <!-- Hub Spot Functional Regression Test -->
  </suite> <!-- Hub Spot Regression Suite -->
</testng-results>
