<?xml version="1.0" encoding="UTF-8"?>
<testng-results skipped="0" failed="0" ignored="1" total="4" passed="3">
  <reporter-output>
  </reporter-output>
  <suite name="Hub Spot Regression Suite" duration-ms="36735" started-at="2020-02-19T16:06:34Z" finished-at="2020-02-19T16:07:11Z">
    <groups>
      <group name="sanity">
        <method signature="LoginPageTest.verifySignUpLinkTest()[pri:2, instance:com.qa.hubspot.tests.LoginPageTest@1a2e2935]" name="verifySignUpLinkTest" class="com.qa.hubspot.tests.LoginPageTest"/>
      </group> <!-- sanity -->
    </groups>
    <test name="Hub Spot Functional Regression Test" duration-ms="36735" started-at="2020-02-19T16:06:34Z" finished-at="2020-02-19T16:07:11Z">
      <class name="com.qa.hubspot.tests.LoginPageTest">
        <test-method status="PASS" signature="setUp(java.lang.String)[pri:0, instance:com.qa.hubspot.tests.LoginPageTest@1a2e2935]" name="setUp" is-config="true" duration-ms="14362" started-at="2020-02-19T16:06:34Z" finished-at="2020-02-19T16:06:49Z">
          <params>
            <param index="0">
              <value>
                <![CDATA[chrome]]>
              </value>
            </param>
          </params>
          <reporter-output>
          </reporter-output>
        </test-method> <!-- setUp -->
        <test-method status="PASS" signature="verifyLoginPageTitleTest()[pri:1, instance:com.qa.hubspot.tests.LoginPageTest@1a2e2935]" name="verifyLoginPageTitleTest" duration-ms="7432" started-at="2020-02-19T16:06:49Z" description="verify login page title test ....!!!" finished-at="2020-02-19T16:06:56Z">
          <reporter-output>
          </reporter-output>
        </test-method> <!-- verifyLoginPageTitleTest -->
        <test-method status="PASS" signature="verifySignUpLinkTest()[pri:2, instance:com.qa.hubspot.tests.LoginPageTest@1a2e2935]" name="verifySignUpLinkTest" duration-ms="1428" started-at="2020-02-19T16:06:56Z" finished-at="2020-02-19T16:06:58Z">
          <reporter-output>
          </reporter-output>
        </test-method> <!-- verifySignUpLinkTest -->
        <test-method status="PASS" signature="loginTest()[pri:3, instance:com.qa.hubspot.tests.LoginPageTest@1a2e2935]" name="loginTest" duration-ms="11903" started-at="2020-02-19T16:06:58Z" finished-at="2020-02-19T16:07:10Z">
          <reporter-output>
          </reporter-output>
        </test-method> <!-- loginTest -->
        <test-method status="PASS" signature="tearDown()[pri:0, instance:com.qa.hubspot.tests.LoginPageTest@1a2e2935]" name="tearDown" is-config="true" duration-ms="1159" started-at="2020-02-19T16:07:10Z" finished-at="2020-02-19T16:07:11Z">
          <reporter-output>
          </reporter-output>
        </test-method> <!-- tearDown -->
      </class> <!-- com.qa.hubspot.tests.LoginPageTest -->
    </test> <!-- Hub Spot Functional Regression Test -->
  </suite> <!-- Hub Spot Regression Suite -->
</testng-results>
